{"total": {"lines":{"total":373,"covered":98,"skipped":0,"pct":26.27},"statements":{"total":388,"covered":99,"skipped":0,"pct":25.51},"functions":{"total":125,"covered":44,"skipped":0,"pct":35.2},"branches":{"total":268,"covered":12,"skipped":0,"pct":4.47},"branchesTrue":{"total":0,"covered":0,"skipped":0,"pct":"Unknown"}}
,"/Users/benoitlahoz/Documents/oz/cell-collection/src/cell-collection.module.ts": {"lines":{"total":275,"covered":0,"skipped":0,"pct":0},"functions":{"total":81,"covered":0,"skipped":0,"pct":0},"statements":{"total":289,"covered":0,"skipped":0,"pct":0},"branches":{"total":256,"covered":0,"skipped":0,"pct":0}}
,"/Users/benoitlahoz/Documents/oz/cell-collection/src/cell.module.ts": {"lines":{"total":34,"covered":34,"skipped":0,"pct":100},"functions":{"total":18,"covered":18,"skipped":0,"pct":100},"statements":{"total":34,"covered":34,"skipped":0,"pct":100},"branches":{"total":4,"covered":4,"skipped":0,"pct":100}}
,"/Users/benoitlahoz/Documents/oz/cell-collection/src/html-cell.module.ts": {"lines":{"total":64,"covered":64,"skipped":0,"pct":100},"functions":{"total":26,"covered":26,"skipped":0,"pct":100},"statements":{"total":65,"covered":65,"skipped":0,"pct":100},"branches":{"total":8,"covered":8,"skipped":0,"pct":100}}
}
