{"total": {"lines":{"total":412,"covered":412,"skipped":0,"pct":100},"statements":{"total":429,"covered":429,"skipped":0,"pct":100},"functions":{"total":142,"covered":142,"skipped":0,"pct":100},"branches":{"total":343,"covered":287,"skipped":0,"pct":83.67},"branchesTrue":{"total":0,"covered":0,"skipped":0,"pct":100}}
,"/Users/benoitlahoz/Documents/oz/cell-collection/src/abstract/cell.abstract.ts": {"lines":{"total":10,"covered":10,"skipped":0,"pct":100},"functions":{"total":1,"covered":1,"skipped":0,"pct":100},"statements":{"total":11,"covered":11,"skipped":0,"pct":100},"branches":{"total":11,"covered":11,"skipped":0,"pct":100}}
,"/Users/benoitlahoz/Documents/oz/cell-collection/src/core/cell-collection.module.ts": {"lines":{"total":300,"covered":300,"skipped":0,"pct":100},"functions":{"total":97,"covered":97,"skipped":0,"pct":100},"statements":{"total":315,"covered":315,"skipped":0,"pct":100},"branches":{"total":308,"covered":254,"skipped":0,"pct":82.46}}
,"/Users/benoitlahoz/Documents/oz/cell-collection/src/core/cell.module.ts": {"lines":{"total":34,"covered":34,"skipped":0,"pct":100},"functions":{"total":18,"covered":18,"skipped":0,"pct":100},"statements":{"total":34,"covered":34,"skipped":0,"pct":100},"branches":{"total":8,"covered":7,"skipped":0,"pct":87.5}}
,"/Users/benoitlahoz/Documents/oz/cell-collection/src/dom/html-cell.module.ts": {"lines":{"total":68,"covered":68,"skipped":0,"pct":100},"functions":{"total":26,"covered":26,"skipped":0,"pct":100},"statements":{"total":69,"covered":69,"skipped":0,"pct":100},"branches":{"total":16,"covered":15,"skipped":0,"pct":93.75}}
}
